<?xml version="1.0" encoding="UTF-8"?>
<testsuite name="org.gradle.sample.app.MessageUtilsTest" tests="1" skipped="0" failures="0" errors="0" timestamp="2022-09-16T16:05:03" hostname="Josephs-MacBook-Pro-2.local" time="0.121">
  <properties/>
  <testcase name="testGetMessage()" classname="org.gradle.sample.app.MessageUtilsTest" time="0.121"/>
  <system-out><![CDATA[]]></system-out>
  <system-err><![CDATA[]]></system-err>
</testsuite>
