<?xml version="1.0" encoding="UTF-8"?>
<testsuite name="org.gradle.sample.list.LinkedListTest" tests="4" skipped="0" failures="0" errors="0" timestamp="2022-09-16T16:05:06" hostname="Josephs-MacBook-Pro-2.local" time="0.166">
  <properties/>
  <testcase name="testAdd()" classname="org.gradle.sample.list.LinkedListTest" time="0.144"/>
  <testcase name="testRemoveMissing()" classname="org.gradle.sample.list.LinkedListTest" time="0.005"/>
  <testcase name="testRemove()" classname="org.gradle.sample.list.LinkedListTest" time="0.005"/>
  <testcase name="testConstructor()" classname="org.gradle.sample.list.LinkedListTest" time="0.002"/>
  <system-out><![CDATA[]]></system-out>
  <system-err><![CDATA[]]></system-err>
</testsuite>
