<?xml version="1.0" encoding="UTF-8"?>
<testsuite name="org.gradle.sample.list.LinkedListTest" tests="4" skipped="0" failures="0" errors="0" timestamp="2022-09-16T16:11:53" hostname="Josephs-MacBook-Pro-2.local" time="0.074">
  <properties/>
  <testcase name="testAdd()" classname="org.gradle.sample.list.LinkedListTest" time="0.061"/>
  <testcase name="testRemoveMissing()" classname="org.gradle.sample.list.LinkedListTest" time="0.003"/>
  <testcase name="testRemove()" classname="org.gradle.sample.list.LinkedListTest" time="0.003"/>
  <testcase name="testConstructor()" classname="org.gradle.sample.list.LinkedListTest" time="0.001"/>
  <system-out><![CDATA[]]></system-out>
  <system-err><![CDATA[]]></system-err>
</testsuite>
